<?xml version="1.0" encoding="UTF-8"?>
<testng-results ignored="0" total="1" passed="1" failed="0" skipped="0">
  <reporter-output>
  </reporter-output>
  <suite started-at="2024-06-19T22:07:17 IST" name="Default suite" finished-at="2024-06-19T22:07:17 IST" duration-ms="57">
    <groups>
    </groups>
    <test started-at="2024-06-19T22:07:17 IST" name="Default test" finished-at="2024-06-19T22:07:17 IST" duration-ms="57">
      <class name="org.tests.Test">
        <test-method signature="testName()[pri:0, instance:org.tests.Test@353352b6]" started-at="2024-06-19T22:07:17 IST" name="testName" finished-at="2024-06-19T22:07:17 IST" duration-ms="16" status="PASS">
          <reporter-output>
          </reporter-output>
        </test-method> <!-- testName -->
      </class> <!-- org.tests.Test -->
    </test> <!-- Default test -->
  </suite> <!-- Default suite -->
</testng-results>
